
User 197121   200 Jul 18 03:02 Administration.sh
User 197121   207 Jul 18 03:05 advance.sh
User 197121  5332 Jul 18 22:46 analyse-logs.sh
User 197121     0 Jul 18 02:49 array.sh
User 197121     0 Jul 18 02:56 case-esac.sh
User 197121     0 Jul 19 18:00 combined.txt
User 197121     0 Jul 18 02:51 conditions.sh
User 197121   236 Jul 18 02:59 Configuration.sh
User 197121   177 Jul 18 03:03 data-processing.sh
User 197121     0 Jul 18 02:53 debug.sh
User 197121   197 Jul 18 03:02 Development.sh
User 197121     0 Jul 18 02:52 directory.sh
User 197121   218 Jul 18 03:01 Documentation.sh
User 197121  5611 Jul 19 00:25 echo-printf.sh
User 197121    60 Jul 19 17:51 error.log
User 197121     0 Jul 19 17:56 error.txt
User 197121   179 Jul 18 03:00 errors.sh
User 197121   660 Jul 19 17:27 exit.sh
User 197121  1059 Jul 19 17:49 filelist.txt
User 197121  1621 Jul 18 05:34 filepermission.sh
User 197121     0 Jul 18 02:50 files.sh
User 197121     0 Jul 18 02:49 float.sh
User 197121     0 Jul 18 02:55 functions.sh
User 197121  2088 Jul 18 03:11 help.sh
User 197121   177 Jul 18 02:58 input-output.sh
User 197121     0 Jul 18 02:49 int.sh
User 197121   175 Jul 18 02:57 jobs.sh
User 197121     0 Jul 18 02:51 locations.sh
User 197121     0 Jul 18 02:48 loops.sh
User 197121     0 Jul 18 02:49 number.sh
User 197121     0 Jul 19 17:56 output.txt
User 197121   218 Jul 18 03:01 Patterns.sh
User 197121     0 Jul 18 02:50 permissions.sh
User 197121   218 Jul 18 03:04 Platform.sh
User 197121  1790 Jul 19 17:21 read.sh
User 197121   274 Jul 19 17:23 readonly.sh
User 197121   771 Jul 19 18:00 redirection.sh
User 197121   234 Jul 18 02:57 regex.sh
User 197121   451 Jul 18 03:01 Security.sh
User 197121    54 Jul 18 02:54 Shebang.sh
User 197121   173 Jul 18 02:59 signal.sh
User 197121   196 Jul 18 02:57 string.sh
User 197121     0 Jul 18 02:53 syntax.sh
User 197121   204 Jul 18 03:00 sys.sh
User 197121   436 Jul 18 03:04 system-integration.sh
User 197121     0 Jul 19 01:42 test.sh
User 197121     0 Jul 19 17:24 test_dir
User 197121    15 Jul 18 02:52 users.sh
User 197121 12579 Jul 19 02:51 variables.sh
